<?xml version="1.0" encoding="UTF-8"?>
<!-- Generated by org.testng.reporters.JUnitXMLReporter -->
<testsuite ignored="2" hostname="DESKTOP-5KF0IL0" failures="0" tests="2" name="Test" time="6.131" errors="0" timestamp="2024-09-25T13:51:04 IST">
  <testcase classname="testingDemo.testingGroupExecution" name="enter_name" time="0.143"/>
  <testcase classname="testingDemo.testingGroupExecution" name="enter_email" time="0.081"/>
  <testcase classname="testingDemo.testingGroupExecution" name="title" time="0.0">
    <ignored/>
  </testcase> <!-- title -->
  <testcase classname="testingDemo.testingGroupExecution" name="enter_signup" time="0.0">
    <ignored/>
  </testcase> <!-- enter_signup -->
</testsuite> <!-- Test -->
